[03:38:16] [ServerMain/INFO]: Environment: Environment[sessionHost=https://sessionserver.mojang.com, servicesHost=https://api.minecraftservices.com, name=PROD]
[03:38:17] [ServerMain/INFO]: Loaded 1174 recipes
[03:38:17] [ServerMain/INFO]: Loaded 1271 advancements
[03:38:17] [Server thread/INFO]: Starting minecraft server version 1.20.4
[03:38:17] [Server thread/INFO]: Loading properties
[03:38:18] [Server thread/INFO]: This server is running Paper version git-Paper-435 (MC: 1.20.4) (Implementing API version 1.20.4-R0.1-SNAPSHOT) (Git: 681bbff)
[03:38:18] [Server thread/INFO]: Using 4 threads for Netty based IO
[03:38:18] [Server thread/INFO]: Server Ping Player Sample Count: 12
[03:38:18] [Server thread/WARN]: [!] The timings profiler has been enabled but has been scheduled for removal from Paper in the future.
    We recommend installing the spark profiler as a replacement: https://spark.lucko.me/
    For more information please visit: https://github.com/PaperMC/Paper/issues/8948
[03:38:18] [Server thread/INFO]: [ChunkTaskScheduler] Chunk system is using 1 I/O threads, 4 worker threads, and gen parallelism of 4 threads
[03:38:18] [Server thread/INFO]: Default game type: SURVIVAL
[03:38:18] [Server thread/INFO]: Generating keypair
[03:38:18] [Server thread/INFO]: Starting Minecraft server on *:25565
[03:38:18] [Server thread/INFO]: Using default channel type
[03:38:18] [Server thread/INFO]: Paper: Using Java compression from Velocity.
[03:38:18] [Server thread/INFO]: Paper: Using Java cipher from Velocity.
[03:38:18] [Server thread/INFO]: [Vault] Loading server plugin Vault v1.7.3-b131
[03:38:18] [Server thread/INFO]: [spark] Loading server plugin spark v1.10.59
[03:38:18] [Server thread/INFO]: [PluginTest] Loading server plugin PluginTest v1.0-SNAPSHOT
[03:38:18] [Server thread/INFO]: Server permissions file permissions.yml is empty, ignoring it
[03:38:18] [Server thread/INFO]: [Vault] Enabling Vault v1.7.3-b131
[03:38:18] [Server thread/INFO]: [Vault] [Permission] SuperPermissions loaded as backup permission system.
[03:38:18] [Server thread/INFO]: [Vault] Enabled Version 1.7.3-b131
[03:38:18] [Server thread/WARN]: **** SERVER IS RUNNING IN OFFLINE/INSECURE MODE!
[03:38:18] [Server thread/WARN]: The server will make no attempt to authenticate usernames. Beware.
[03:38:18] [Server thread/WARN]: While this makes the game possible to play without internet access, it also opens up the ability for hackers to connect with any username they choose.
[03:38:18] [Server thread/WARN]: To change this, set "online-mode" to "true" in the server.properties file.
[03:38:18] [Server thread/INFO]: Preparing level "world"
[03:38:19] [Server thread/INFO]: Preparing start region for dimension minecraft:overworld
[03:38:20] [Server thread/INFO]: Time elapsed: 1354 ms
[03:38:20] [Server thread/INFO]: Preparing start region for dimension minecraft:the_nether
[03:38:20] [Server thread/INFO]: Time elapsed: 55 ms
[03:38:20] [Server thread/INFO]: Preparing start region for dimension minecraft:the_end
[03:38:20] [Server thread/INFO]: Time elapsed: 15 ms
[03:38:20] [Server thread/INFO]: [spark] Enabling spark v1.10.59
[03:38:21] [Server thread/INFO]: [spark] Using Paper ServerTickStartEvent for tick monitoring
[03:38:21] [Server thread/INFO]: [spark] Starting background profiler...
[03:38:21] [Server thread/INFO]: [spark] The async-profiler engine is not supported for your os/arch (windows10/amd64), so the built-in Java engine will be used instead.
[03:38:21] [Server thread/INFO]: [PluginTest] Enabling PluginTest v1.0-SNAPSHOT
[03:38:21] [Server thread/INFO]: [PluginTest] §ePlugin testPlug have been started!
[03:38:21] [Server thread/INFO]: Running delayed init tasks
[03:38:21] [Server thread/INFO]: Done (3.561s)! For help, type "help"
[03:38:21] [Server thread/INFO]: Timings Reset
[03:38:21] [Craft Scheduler Thread - 2 - Vault/INFO]: [Vault] Checking for Updates ... 
[03:38:21] [Craft Scheduler Thread - 2 - Vault/INFO]: [Vault] No new version available
[03:38:25] [User Authenticator #0/INFO]: UUID of player user is ef7945da-643a-3444-bca3-5a6033460c69
[03:38:26] [Server thread/INFO]: user joined the game
[03:38:26] [Server thread/INFO]: user[/127.0.0.1:60609] logged in with entity id 282 at ([world]187.38296920540148, 72.0, -40.187950778605654)
[03:38:33] [Server thread/INFO]: user issued server command: /message user
[03:38:54] [Server thread/INFO]: user lost connection: Disconnected
[03:38:54] [Server thread/INFO]: user left the game
[03:38:58] [Server thread/INFO]: Unknown command. Type "/help" for help.
[03:39:01] [Server thread/INFO]: Unknown command. Type "/help" for help.
[03:39:07] [Server thread/INFO]: [STDOUT] [org.spigotmc.RestartCommand] Startup script './start.sh' does not exist! Stopping server.
[03:39:07] [Server thread/INFO]: Stopping server
[03:39:07] [Server thread/INFO]: [PluginTest] Disabling PluginTest v1.0-SNAPSHOT
[03:39:07] [Server thread/INFO]: §cI've been started!
[03:39:07] [Server thread/INFO]: [spark] Disabling spark v1.10.59
[03:39:07] [Server thread/INFO]: [Vault] Disabling Vault v1.7.3-b131
[03:39:07] [Server thread/INFO]: Saving players
[03:39:07] [Server thread/INFO]: Saving worlds
[03:39:07] [Server thread/INFO]: Saving chunks for level 'ServerLevel[world]'/minecraft:overworld
[03:39:07] [Server thread/INFO]: [ChunkHolderManager] Waiting 60s for chunk system to halt for world 'world'
[03:39:07] [Server thread/INFO]: [ChunkHolderManager] Halted chunk system for world 'world'
[03:39:07] [Server thread/INFO]: [ChunkHolderManager] Saving all chunkholders for world 'world'
[03:39:08] [Server thread/INFO]: [ChunkHolderManager] Saved 650 block chunks, 650 entity chunks, 0 poi chunks in world 'world' in 0,88s
[03:39:08] [Server thread/INFO]: ThreadedAnvilChunkStorage (world): All chunks are saved
[03:39:08] [Server thread/INFO]: Saving chunks for level 'ServerLevel[world_nether]'/minecraft:the_nether
[03:39:08] [Server thread/INFO]: [ChunkHolderManager] Waiting 60s for chunk system to halt for world 'world_nether'
[03:39:08] [Server thread/INFO]: [ChunkHolderManager] Halted chunk system for world 'world_nether'
[03:39:08] [Server thread/INFO]: [ChunkHolderManager] Saving all chunkholders for world 'world_nether'
[03:39:09] [Server thread/INFO]: [ChunkHolderManager] Saved 529 block chunks, 529 entity chunks, 0 poi chunks in world 'world_nether' in 0,44s
[03:39:09] [Server thread/INFO]: ThreadedAnvilChunkStorage (DIM-1): All chunks are saved
[03:39:09] [Server thread/INFO]: Saving chunks for level 'ServerLevel[world_the_end]'/minecraft:the_end
[03:39:09] [Server thread/INFO]: [ChunkHolderManager] Waiting 60s for chunk system to halt for world 'world_the_end'
[03:39:09] [Server thread/INFO]: [ChunkHolderManager] Halted chunk system for world 'world_the_end'
[03:39:09] [Server thread/INFO]: [ChunkHolderManager] Saving all chunkholders for world 'world_the_end'
[03:39:09] [Server thread/INFO]: [ChunkHolderManager] Saved 529 block chunks, 529 entity chunks, 0 poi chunks in world 'world_the_end' in 0,07s
[03:39:09] [Server thread/INFO]: ThreadedAnvilChunkStorage (DIM1): All chunks are saved
[03:39:09] [Server thread/INFO]: ThreadedAnvilChunkStorage: All dimensions are saved
[03:39:09] [Server thread/INFO]: Flushing Chunk IO
[03:39:09] [Server thread/INFO]: Closing Thread Pool
[03:39:09] [Server thread/INFO]: Closing Server
